D:\GALAXY\GALAXY\DEBUG\GALAXY.EXE
D:\GALAXY\GALAXY\DEBUG\GALAXY.ILK
D:\GALAXY\GALAXY\DEBUG\GALAXY.PDB
D:\GALAXY\GALAXY\GALAXY\DEBUG\BARNESHUTTREE.OBJ
D:\GALAXY\Galaxy\Galaxy\Debug\cl.command.1.tlog
D:\GALAXY\Galaxy\Galaxy\Debug\CL.read.1.tlog
D:\GALAXY\Galaxy\Galaxy\Debug\CL.write.1.tlog
D:\GALAXY\GALAXY\GALAXY\DEBUG\CONSTANTS.OBJ
D:\GALAXY\GALAXY\GALAXY\DEBUG\GALAXY.EXE.EMBED.MANIFEST
D:\GALAXY\GALAXY\GALAXY\DEBUG\GALAXY.EXE.EMBED.MANIFEST.RES
D:\GALAXY\GALAXY\GALAXY\DEBUG\GALAXY.EXE.INTERMEDIATE.MANIFEST
D:\GALAXY\GALAXY\GALAXY\DEBUG\GALAXY.OBJ
D:\GALAXY\Galaxy\Galaxy\Debug\Galaxy_manifest.rc
D:\GALAXY\GALAXY\GALAXY\DEBUG\GALAXYPARTICLE.OBJ
D:\GALAXY\GALAXY\GALAXY\DEBUG\GALAXYSYSTEM.OBJ
D:\GALAXY\GALAXY\GALAXY\DEBUG\INTEGRATION.OBJ
D:\GALAXY\Galaxy\Galaxy\Debug\link.command.1.tlog
D:\GALAXY\Galaxy\Galaxy\Debug\link.read.1.tlog
D:\GALAXY\Galaxy\Galaxy\Debug\link.write.1.tlog
D:\GALAXY\Galaxy\Galaxy\Debug\link-cvtres.read.1.tlog
D:\GALAXY\Galaxy\Galaxy\Debug\link-cvtres.write.1.tlog
D:\GALAXY\GALAXY\GALAXY\DEBUG\LPVEC3.OBJ
D:\GALAXY\Galaxy\Galaxy\Debug\mt.command.1.tlog
D:\GALAXY\Galaxy\Galaxy\Debug\mt.read.1.tlog
D:\GALAXY\Galaxy\Galaxy\Debug\mt.write.1.tlog
D:\GALAXY\GALAXY\GALAXY\DEBUG\POISSON.OBJ
D:\GALAXY\Galaxy\Galaxy\Debug\rc.command.1.tlog
D:\GALAXY\Galaxy\Galaxy\Debug\rc.read.1.tlog
D:\GALAXY\Galaxy\Galaxy\Debug\rc.write.1.tlog
D:\GALAXY\GALAXY\GALAXY\DEBUG\SPHERICALMODEL.OBJ
D:\GALAXY\GALAXY\GALAXY\DEBUG\TEXTURE.OBJ
D:\GALAXY\GALAXY\GALAXY\DEBUG\UNIVERSE.OBJ
D:\GALAXY\Galaxy\Galaxy\Debug\vc100.idb
D:\GALAXY\GALAXY\GALAXY\DEBUG\VC100.PDB
