Build started 26.01.2014 4:23:21.
     1>Project "D:\GALAXY\Galaxy\Galaxy\Galaxy.vcxproj" on node 2 (build target(s)).
     1>InitializeBuildStatus:
         Touching "Debug\Galaxy.unsuccessfulbuild".
       ClCompile:
         C:\Program Files\Microsoft Visual Studio 10.0\VC\bin\CL.exe /c /ZI /nologo /W3 /WX- /Od /Oy- /D WIN32 /D _DEBUG /D _CONSOLE /D _MBCS /Gm /EHsc /RTC1 /MTd /GS /arch:SSE /fp:precise /Zc:wchar_t /Zc:forScope /Fo"Debug\\" /Fd"Debug\vc100.pdb" /Gd /TP /analyze- /errorReport:prompt Galaxy.cpp
         Galaxy.cpp
     1>d:\galaxy\galaxy\galaxy\galaxy.cpp(163): warning C4996: 'fopen': This function or variable may be unsafe. Consider using fopen_s instead. To disable deprecation, use _CRT_SECURE_NO_WARNINGS. See online help for details.
                 c:\program files\microsoft visual studio 10.0\vc\include\stdio.h(234) : see declaration of 'fopen'
     1>d:\galaxy\galaxy\galaxy\galaxy.cpp(216): warning C4244: '=' : conversion from 'double' to 'float', possible loss of data
     1>d:\galaxy\galaxy\galaxy\galaxy.cpp(226): warning C4800: 'float' : forcing value to bool 'true' or 'false' (performance warning)
     1>d:\galaxy\galaxy\galaxy\galaxy.cpp(236): warning C4244: '=' : conversion from 'float' to 'int', possible loss of data
     1>d:\galaxy\galaxy\galaxy\galaxy.cpp(241): warning C4244: '=' : conversion from 'float' to 'int', possible loss of data
     1>d:\galaxy\galaxy\galaxy\galaxy.cpp(170): warning C4101: 'j' : unreferenced local variable
     1>d:\galaxy\galaxy\galaxy\galaxy.cpp(386): warning C4996: 'sprintf': This function or variable may be unsafe. Consider using sprintf_s instead. To disable deprecation, use _CRT_SECURE_NO_WARNINGS. See online help for details.
                 c:\program files\microsoft visual studio 10.0\vc\include\stdio.h(371) : see declaration of 'sprintf'
     1>d:\galaxy\galaxy\galaxy\galaxy.cpp(431): warning C4996: 'sprintf': This function or variable may be unsafe. Consider using sprintf_s instead. To disable deprecation, use _CRT_SECURE_NO_WARNINGS. See online help for details.
                 c:\program files\microsoft visual studio 10.0\vc\include\stdio.h(371) : see declaration of 'sprintf'
     1>d:\galaxy\galaxy\galaxy\galaxy.cpp(434): warning C4996: 'fopen': This function or variable may be unsafe. Consider using fopen_s instead. To disable deprecation, use _CRT_SECURE_NO_WARNINGS. See online help for details.
                 c:\program files\microsoft visual studio 10.0\vc\include\stdio.h(234) : see declaration of 'fopen'
       ManifestResourceCompile:
         All outputs are up-to-date.
       Link:
         C:\Program Files\Microsoft Visual Studio 10.0\VC\bin\link.exe /ERRORREPORT:PROMPT /OUT:"D:\GALAXY\Galaxy\Debug\Galaxy.exe" /INCREMENTAL /NOLOGO kernel32.lib user32.lib gdi32.lib winspool.lib comdlg32.lib advapi32.lib shell32.lib ole32.lib oleaut32.lib uuid.lib odbc32.lib odbccp32.lib /MANIFEST /ManifestFile:"Debug\Galaxy.exe.intermediate.manifest" /MANIFESTUAC:"level='asInvoker' uiAccess='false'" /DEBUG /PDB:"D:\GALAXY\Galaxy\Debug\Galaxy.pdb" /SUBSYSTEM:CONSOLE /TLBID:1 /DYNAMICBASE /NXCOMPAT /IMPLIB:"D:\GALAXY\Galaxy\Debug\Galaxy.lib" /MACHINE:X86 Debug\Galaxy.exe.embed.manifest.res
         Debug\BarnesHutTree.obj
         Debug\constants.obj
         Debug\Galaxy.obj
         Debug\GalaxyParticle.obj
         Debug\GalaxySystem.obj
         Debug\integration.obj
         Debug\lpVec3.obj
         Debug\poisson.obj
         Debug\SphericalModel.obj
         Debug\texture.obj
         Debug\Universe.obj devil\lib\DevIL.lib devil\lib\ILU.lib devil\lib\ILUT.lib 
       Manifest:
         C:\Program Files\Microsoft SDKs\Windows\v7.0A\bin\mt.exe /nologo /verbose /out:"Debug\Galaxy.exe.embed.manifest" /manifest Debug\Galaxy.exe.intermediate.manifest
         All outputs are up-to-date.
       LinkEmbedManifest:
         All outputs are up-to-date.
         Galaxy.vcxproj -> D:\GALAXY\Galaxy\Debug\Galaxy.exe
       FinalizeBuildStatus:
         Deleting file "Debug\Galaxy.unsuccessfulbuild".
         Touching "Debug\Galaxy.lastbuildstate".
     1>Done Building Project "D:\GALAXY\Galaxy\Galaxy\Galaxy.vcxproj" (build target(s)).

Build succeeded.

Time Elapsed 00:00:10.07
